12/12/2017 8:01:44 PM:log:start log
12/12/2017 8:01:44 PM:log:rextest --------- 0
12/12/2017 8:01:44 PM:log:UnityEngine.Debug:Log(Object)
Car:set_WheelCount(Int32) (at Assets/Scripts/Test/Car.cs:14)
CarEditor:OnInspectorGUI() (at Assets/Editor/CarEditor.cs:16)
UnityEditor.DockArea:OnGUI()

12/12/2017 8:02:16 PM:log:start log
12/12/2017 8:02:16 PM:log:rextest --------- 0
12/12/2017 8:02:16 PM:log:UnityEngine.Debug:Log(Object)
Car:set_WheelCount(Int32) (at Assets/Scripts/Test/Car.cs:14)
CarEditor:OnInspectorGUI() (at Assets/Editor/CarEditor.cs:16)
UnityEditor.DockArea:OnGUI()

12/12/2017 8:02:27 PM:log:start log
12/12/2017 8:02:27 PM:log:rextest --------- 0
12/12/2017 8:02:27 PM:log:UnityEngine.Debug:Log(Object)
Car:set_WheelCount(Int32) (at Assets/Scripts/Test/Car.cs:14)
CarEditor:OnInspectorGUI() (at Assets/Editor/CarEditor.cs:16)
UnityEditor.DockArea:OnGUI()

12/12/2017 8:02:31 PM:log:start log
12/12/2017 8:02:31 PM:log:rextest --------- 0
12/12/2017 8:02:31 PM:log:UnityEngine.Debug:Log(Object)
Car:set_WheelCount(Int32) (at Assets/Scripts/Test/Car.cs:14)
CarEditor:OnInspectorGUI() (at Assets/Editor/CarEditor.cs:16)
UnityEditor.DockArea:OnGUI()

12/12/2017 8:02:31 PM:log:start log
12/12/2017 8:02:31 PM:log:rextest --------- 0
12/12/2017 8:02:31 PM:log:UnityEngine.Debug:Log(Object)
Car:set_WheelCount(Int32) (at Assets/Scripts/Test/Car.cs:14)
CarEditor:OnInspectorGUI() (at Assets/Editor/CarEditor.cs:16)
UnityEditor.DockArea:OnGUI()

12/12/2017 8:02:38 PM:log:start log
12/12/2017 8:02:38 PM:log:rextest --------- 0
12/12/2017 8:02:38 PM:log:UnityEngine.Debug:Log(Object)
Car:set_WheelCount(Int32) (at Assets/Scripts/Test/Car.cs:14)
CarEditor:OnInspectorGUI() (at Assets/Editor/CarEditor.cs:16)
UnityEditor.DockArea:OnGUI()

12/12/2017 8:02:44 PM:log:start log
12/12/2017 8:02:44 PM:log:rextest --------- 0
12/12/2017 8:02:44 PM:log:UnityEngine.Debug:Log(Object)
Car:set_WheelCount(Int32) (at Assets/Scripts/Test/Car.cs:14)
CarEditor:OnInspectorGUI() (at Assets/Editor/CarEditor.cs:16)
UnityEditor.DockArea:OnGUI()

12/12/2017 8:07:32 PM:log:start log
12/12/2017 8:07:32 PM:log:NullReferenceException: Object reference not set to an instance of an object
12/12/2017 8:07:32 PM:log:Test.Update () (at Assets/Scripts/Test.cs:48)

12/12/2017 8:08:36 PM:log:start log
12/12/2017 8:08:36 PM:log:rextest --------- 0
12/12/2017 8:08:36 PM:log:UnityEngine.Debug:Log(Object)
Car:set_WheelCount(Int32) (at Assets/Scripts/Test/Car.cs:14)
CarEditor:OnInspectorGUI() (at Assets/Editor/CarEditor.cs:16)
UnityEditor.DockArea:OnGUI()

12/12/2017 8:09:47 PM:log:start log
12/12/2017 8:09:47 PM:log:NullReferenceException: Object reference not set to an instance of an object
12/12/2017 8:09:47 PM:log:Test.Update () (at Assets/Scripts/Test.cs:48)

12/12/2017 8:09:48 PM:log:start log
12/12/2017 8:09:48 PM:log:NullReferenceException: Object reference not set to an instance of an object
12/12/2017 8:09:48 PM:log:Test.Update () (at Assets/Scripts/Test.cs:48)

12/12/2017 8:09:49 PM:log:start log
12/12/2017 8:09:49 PM:log:NullReferenceException: Object reference not set to an instance of an object
12/12/2017 8:09:49 PM:log:Test.Update () (at Assets/Scripts/Test.cs:48)

12/12/2017 8:09:51 PM:log:start log
12/12/2017 8:09:51 PM:log:NullReferenceException: Object reference not set to an instance of an object
12/12/2017 8:09:51 PM:log:Test.Update () (at Assets/Scripts/Test.cs:48)

12/12/2017 8:09:52 PM:log:start log
12/12/2017 8:09:52 PM:log:NullReferenceException: Object reference not set to an instance of an object
12/12/2017 8:09:52 PM:log:Test.Update () (at Assets/Scripts/Test.cs:48)

12/12/2017 8:09:53 PM:log:start log
12/12/2017 8:09:53 PM:log:NullReferenceException: Object reference not set to an instance of an object
12/12/2017 8:09:53 PM:log:Test.Update () (at Assets/Scripts/Test.cs:48)

12/12/2017 8:09:54 PM:log:start log
12/12/2017 8:09:54 PM:log:NullReferenceException: Object reference not set to an instance of an object
12/12/2017 8:09:54 PM:log:Test.Update () (at Assets/Scripts/Test.cs:48)

12/12/2017 8:09:55 PM:log:start log
12/12/2017 8:09:55 PM:log:NullReferenceException: Object reference not set to an instance of an object
12/12/2017 8:09:55 PM:log:Test.Update () (at Assets/Scripts/Test.cs:48)

12/12/2017 8:09:57 PM:log:start log
12/12/2017 8:09:57 PM:log:NullReferenceException: Object reference not set to an instance of an object
12/12/2017 8:09:57 PM:log:Test.Update () (at Assets/Scripts/Test.cs:48)

12/12/2017 8:10:05 PM:log:start log
12/12/2017 8:10:05 PM:log:NullReferenceException: Object reference not set to an instance of an object
12/12/2017 8:10:05 PM:log:Test.Update () (at Assets/Scripts/Test.cs:48)

12/12/2017 8:10:11 PM:log:start log
12/12/2017 8:10:11 PM:log:NullReferenceException: Object reference not set to an instance of an object
12/12/2017 8:10:11 PM:log:Test.Update () (at Assets/Scripts/Test.cs:48)

12/12/2017 8:10:23 PM:log:start log
12/12/2017 8:10:23 PM:log:NullReferenceException: Object reference not set to an instance of an object
12/12/2017 8:10:23 PM:log:Test.Update () (at Assets/Scripts/Test.cs:48)

12/12/2017 8:10:36 PM:log:start log
12/12/2017 8:10:36 PM:log:NullReferenceException: Object reference not set to an instance of an object
12/12/2017 8:10:36 PM:log:Test.Update () (at Assets/Scripts/Test.cs:48)

12/12/2017 8:10:38 PM:log:start log
12/12/2017 8:10:38 PM:log:NullReferenceException: Object reference not set to an instance of an object
12/12/2017 8:10:38 PM:log:Test.Update () (at Assets/Scripts/Test.cs:48)

12/12/2017 8:10:39 PM:log:start log
12/12/2017 8:10:39 PM:log:NullReferenceException: Object reference not set to an instance of an object
12/12/2017 8:10:39 PM:log:Test.Update () (at Assets/Scripts/Test.cs:48)

12/12/2017 8:10:40 PM:log:start log
12/12/2017 8:10:40 PM:log:NullReferenceException: Object reference not set to an instance of an object
12/12/2017 8:10:40 PM:log:Test.Update () (at Assets/Scripts/Test.cs:48)

12/12/2017 8:10:41 PM:log:start log
12/12/2017 8:10:41 PM:log:NullReferenceException: Object reference not set to an instance of an object
12/12/2017 8:10:41 PM:log:Test.Update () (at Assets/Scripts/Test.cs:48)

12/12/2017 8:10:42 PM:log:start log
12/12/2017 8:10:42 PM:log:NullReferenceException: Object reference not set to an instance of an object
12/12/2017 8:10:42 PM:log:Test.Update () (at Assets/Scripts/Test.cs:48)

12/12/2017 8:12:20 PM:log:start log
12/12/2017 8:12:20 PM:log:OnDisable
12/12/2017 8:12:20 PM:log:UnityEngine.MonoBehaviour:print(Object)
Test:OnDisable() (at Assets/Scripts/Test.cs:36)

