12/2/2017 1:59:57 PM:log:start log
12/2/2017 1:59:57 PM:log:rextest OnDrag deltaMove 10 Y : 0
12/2/2017 1:59:57 PM:log:UnityEngine.Debug:Log(Object)
PinchTest:OnDrag(DragGesture) (at Assets/PinchTest.cs:35)
UnityEngine.GameObject:SendMessage(String, Object, SendMessageOptions)
GestureRecognizerTS`1:RaiseEvent(T) (at Assets/Plugins/FingerGestures/Scripts/Base/GestureRecognizer.cs:605)
ContinuousGestureRecognizer`1:OnStateChanged(Gesture) (at Assets/Plugins/FingerGestures/Scripts/Base/ContinuousGestureRecognizer.cs:58)
Gesture:set_State(GestureRecognitionState) (at Assets/Plugins/FingerGestures/Scripts/Base/GestureRecognizer.cs:154)
GestureRecognizerTS`1:Begin(T, Int32, IFingerList) (at Assets/Plugins/FingerGestures/Scripts/Base/GestureRecognizer.cs:517)
GestureRecognizerTS`1:UpdatePerFinger() (at Assets/Plugins/FingerGestures/Scripts/Base/GestureRecognizer.cs:423)
GestureRecognizerTS`1:Update() (at Assets/Plugins/FingerGestures/Scripts/Base/GestureRecognizer.cs:378)

12/2/2017 1:59:57 PM:log:start log
12/2/2017 1:59:57 PM:log:rextest OnPinch  gap 100
12/2/2017 1:59:57 PM:log:UnityEngine.Debug:Log(Object)
PinchTest:OnPinch(PinchGesture) (at Assets/PinchTest.cs:24)
UnityEngine.GameObject:SendMessage(String, Object, SendMessageOptions)
GestureRecognizerTS`1:RaiseEvent(T) (at Assets/Plugins/FingerGestures/Scripts/Base/GestureRecognizer.cs:605)
PinchRecognizer:OnRecognize(PinchGesture, IFingerList) (at Assets/Plugins/FingerGestures/Scripts/Gesture Recognizers/PinchRecognizer.cs:154)
GestureRecognizerTS`1:UpdateGesture(T, IFingerList) (at Assets/Plugins/FingerGestures/Scripts/Base/GestureRecognizer.cs:543)
GestureRecognizerTS`1:UpdateExclusive() (at Assets/Plugins/FingerGestures/Scripts/Base/GestureRecognizer.cs:403)
GestureRecognizerTS`1:Update() (at Assets/Plugins/FingerGestures/Scripts/Base/GestureRecognizer.cs:385)

