12/5/2017 4:35:22 PM:log:start log
12/5/2017 4:35:22 PM:log:MissingComponentException: There is no 'PolygonCollider2D' attached to the "Root" game object, but a script is trying to access it.
You probably need to add a PolygonCollider2D to the game object "Root". Or your script needs to check if the component is attached before using it.
12/5/2017 4:35:22 PM:log:UnityEngine.Collider2D.OverlapPoint (Vector2 point) (at C:/buildslave/unity/build/artifacts/generated/common/modules/Physics2D/Physics2DBindings.gen.cs:1874)
test.OnGUI () (at Assets/Scripts/test.cs:66)

12/5/2017 4:36:02 PM:log:start log
12/5/2017 4:36:02 PM:log:MissingComponentException: There is no 'PolygonCollider2D' attached to the "Root" game object, but a script is trying to access it.
You probably need to add a PolygonCollider2D to the game object "Root". Or your script needs to check if the component is attached before using it.
12/5/2017 4:36:02 PM:log:UnityEngine.Collider2D.OverlapPoint (Vector2 point) (at C:/buildslave/unity/build/artifacts/generated/common/modules/Physics2D/Physics2DBindings.gen.cs:1874)
test.OnGUI () (at Assets/Scripts/test.cs:66)

12/5/2017 4:36:05 PM:log:start log
12/5/2017 4:36:05 PM:log:MissingComponentException: There is no 'PolygonCollider2D' attached to the "Root" game object, but a script is trying to access it.
You probably need to add a PolygonCollider2D to the game object "Root". Or your script needs to check if the component is attached before using it.
12/5/2017 4:36:05 PM:log:UnityEngine.Collider2D.OverlapPoint (Vector2 point) (at C:/buildslave/unity/build/artifacts/generated/common/modules/Physics2D/Physics2DBindings.gen.cs:1874)
test.OnGUI () (at Assets/Scripts/test.cs:66)

12/5/2017 4:36:28 PM:log:start log
12/5/2017 4:36:28 PM:log:Assets/Scripts/ToolsGroup/CommonTools.cs(382,30): warning CS0168: The variable `ex' is declared but never used
12/5/2017 4:36:28 PM:log:
12/5/2017 4:36:29 PM:log:start log
12/5/2017 4:36:29 PM:log:Assets/Editor/TestCreateController.cs(13,28): warning CS0219: The variable `mAnimatorController' is assigned but its value is never used
12/5/2017 4:36:29 PM:log:
12/5/2017 4:36:55 PM:log:start log
12/5/2017 4:36:55 PM:log:MissingComponentException: There is no 'PolygonCollider2D' attached to the "Root" game object, but a script is trying to access it.
You probably need to add a PolygonCollider2D to the game object "Root". Or your script needs to check if the component is attached before using it.
12/5/2017 4:36:55 PM:log:UnityEngine.Collider2D.OverlapPoint (Vector2 point) (at C:/buildslave/unity/build/artifacts/generated/common/modules/Physics2D/Physics2DBindings.gen.cs:1874)
test.OnGUI () (at Assets/Scripts/test.cs:66)

12/5/2017 4:37:05 PM:log:start log
12/5/2017 4:37:05 PM:log:rextest --------- 0
12/5/2017 4:37:05 PM:log:UnityEngine.Debug:Log(Object)
Car:set_WheelCount(Int32) (at Assets/Scripts/Test/Car.cs:14)
CarEditor:OnInspectorGUI() (at Assets/Editor/CarEditor.cs:16)
UnityEditor.DockArea:OnGUI()

