12/1/2017 10:34:39 AM:log:start log
12/1/2017 10:34:39 AM:log:rextest OnPinch  gap 170
12/1/2017 10:34:39 AM:log:UnityEngine.Debug:Log(Object)
PinchTest:OnPinch(PinchGesture) (at Assets/PinchTest.cs:24)
UnityEngine.GameObject:SendMessage(String, Object, SendMessageOptions)
GestureRecognizerTS`1:RaiseEvent(T) (at Assets/Plugins/FingerGestures/Scripts/Base/GestureRecognizer.cs:605)
ContinuousGestureRecognizer`1:OnStateChanged(Gesture) (at Assets/Plugins/FingerGestures/Scripts/Base/ContinuousGestureRecognizer.cs:58)
Gesture:set_State(GestureRecognitionState) (at Assets/Plugins/FingerGestures/Scripts/Base/GestureRecognizer.cs:154)
GestureRecognizerTS`1:Begin(T, Int32, IFingerList) (at Assets/Plugins/FingerGestures/Scripts/Base/GestureRecognizer.cs:517)
GestureRecognizerTS`1:UpdateExclusive() (at Assets/Plugins/FingerGestures/Scripts/Base/GestureRecognizer.cs:400)
GestureRecognizerTS`1:Update() (at Assets/Plugins/FingerGestures/Scripts/Base/GestureRecognizer.cs:385)

12/1/2017 10:34:39 AM:log:start log
12/1/2017 10:34:39 AM:log:rextest OnPinch  gap 220
12/1/2017 10:34:39 AM:log:UnityEngine.Debug:Log(Object)
PinchTest:OnPinch(PinchGesture) (at Assets/PinchTest.cs:24)
UnityEngine.GameObject:SendMessage(String, Object, SendMessageOptions)
GestureRecognizerTS`1:RaiseEvent(T) (at Assets/Plugins/FingerGestures/Scripts/Base/GestureRecognizer.cs:605)
PinchRecognizer:OnRecognize(PinchGesture, IFingerList) (at Assets/Plugins/FingerGestures/Scripts/Gesture Recognizers/PinchRecognizer.cs:154)
GestureRecognizerTS`1:UpdateGesture(T, IFingerList) (at Assets/Plugins/FingerGestures/Scripts/Base/GestureRecognizer.cs:543)
GestureRecognizerTS`1:UpdateExclusive() (at Assets/Plugins/FingerGestures/Scripts/Base/GestureRecognizer.cs:403)
GestureRecognizerTS`1:Update() (at Assets/Plugins/FingerGestures/Scripts/Base/GestureRecognizer.cs:385)

