12/2/2017 1:59:06 PM:log:start log
12/2/2017 1:59:06 PM:log:Failed to register gesture recognizer fingerg (PinchRecognizer) - FingerGestures instance is not available.
12/2/2017 1:59:06 PM:log:UnityEngine.Debug:LogError(Object)
GestureRecognizer:OnEnable() (at Assets/Plugins/FingerGestures/Scripts/Base/GestureRecognizer.cs:751)
GestureRecognizerTS`1:OnEnable() (at Assets/Plugins/FingerGestures/Scripts/Base/GestureRecognizer.cs:251)
UnityEditor.DockArea:OnGUI()

12/2/2017 1:59:44 PM:log:start log
12/2/2017 1:59:44 PM:log:rextest OnPinch  gap 170
12/2/2017 1:59:44 PM:log:UnityEngine.Debug:Log(Object)
PinchTest:OnPinch(PinchGesture) (at Assets/PinchTest.cs:24)
UnityEngine.GameObject:SendMessage(String, Object, SendMessageOptions)
GestureRecognizerTS`1:RaiseEvent(T) (at Assets/Plugins/FingerGestures/Scripts/Base/GestureRecognizer.cs:605)
ContinuousGestureRecognizer`1:OnStateChanged(Gesture) (at Assets/Plugins/FingerGestures/Scripts/Base/ContinuousGestureRecognizer.cs:58)
Gesture:set_State(GestureRecognitionState) (at Assets/Plugins/FingerGestures/Scripts/Base/GestureRecognizer.cs:154)
GestureRecognizerTS`1:Begin(T, Int32, IFingerList) (at Assets/Plugins/FingerGestures/Scripts/Base/GestureRecognizer.cs:517)
GestureRecognizerTS`1:UpdateExclusive() (at Assets/Plugins/FingerGestures/Scripts/Base/GestureRecognizer.cs:400)
GestureRecognizerTS`1:Update() (at Assets/Plugins/FingerGestures/Scripts/Base/GestureRecognizer.cs:385)

12/2/2017 1:59:44 PM:log:start log
12/2/2017 1:59:44 PM:log:rextest OnDrag deltaMove 0 Y : 0
12/2/2017 1:59:44 PM:log:UnityEngine.Debug:Log(Object)
PinchTest:OnDrag(DragGesture) (at Assets/PinchTest.cs:35)
UnityEngine.GameObject:SendMessage(String, Object, SendMessageOptions)
GestureRecognizerTS`1:RaiseEvent(T) (at Assets/Plugins/FingerGestures/Scripts/Base/GestureRecognizer.cs:605)
DragRecognizer:OnRecognize(DragGesture, IFingerList) (at Assets/Plugins/FingerGestures/Scripts/Gesture Recognizers/DragRecognizer.cs:109)
GestureRecognizerTS`1:UpdateGesture(T, IFingerList) (at Assets/Plugins/FingerGestures/Scripts/Base/GestureRecognizer.cs:543)
GestureRecognizerTS`1:UpdatePerFinger() (at Assets/Plugins/FingerGestures/Scripts/Base/GestureRecognizer.cs:426)
GestureRecognizerTS`1:Update() (at Assets/Plugins/FingerGestures/Scripts/Base/GestureRecognizer.cs:378)

12/2/2017 1:59:48 PM:log:start log
12/2/2017 1:59:48 PM:log:rextest OnDrag deltaMove -10 Y : 0
12/2/2017 1:59:48 PM:log:UnityEngine.Debug:Log(Object)
PinchTest:OnDrag(DragGesture) (at Assets/PinchTest.cs:35)
UnityEngine.GameObject:SendMessage(String, Object, SendMessageOptions)
GestureRecognizerTS`1:RaiseEvent(T) (at Assets/Plugins/FingerGestures/Scripts/Base/GestureRecognizer.cs:605)
ContinuousGestureRecognizer`1:OnStateChanged(Gesture) (at Assets/Plugins/FingerGestures/Scripts/Base/ContinuousGestureRecognizer.cs:58)
Gesture:set_State(GestureRecognitionState) (at Assets/Plugins/FingerGestures/Scripts/Base/GestureRecognizer.cs:154)
GestureRecognizerTS`1:Begin(T, Int32, IFingerList) (at Assets/Plugins/FingerGestures/Scripts/Base/GestureRecognizer.cs:517)
GestureRecognizerTS`1:UpdatePerFinger() (at Assets/Plugins/FingerGestures/Scripts/Base/GestureRecognizer.cs:423)
GestureRecognizerTS`1:Update() (at Assets/Plugins/FingerGestures/Scripts/Base/GestureRecognizer.cs:378)

12/2/2017 1:59:49 PM:log:start log
12/2/2017 1:59:49 PM:log:rextest OnDrag deltaMove 0 Y : 0
12/2/2017 1:59:49 PM:log:UnityEngine.Debug:Log(Object)
PinchTest:OnDrag(DragGesture) (at Assets/PinchTest.cs:35)
UnityEngine.GameObject:SendMessage(String, Object, SendMessageOptions)
GestureRecognizerTS`1:RaiseEvent(T) (at Assets/Plugins/FingerGestures/Scripts/Base/GestureRecognizer.cs:605)
DragRecognizer:OnRecognize(DragGesture, IFingerList) (at Assets/Plugins/FingerGestures/Scripts/Gesture Recognizers/DragRecognizer.cs:109)
GestureRecognizerTS`1:UpdateGesture(T, IFingerList) (at Assets/Plugins/FingerGestures/Scripts/Base/GestureRecognizer.cs:543)
GestureRecognizerTS`1:UpdatePerFinger() (at Assets/Plugins/FingerGestures/Scripts/Base/GestureRecognizer.cs:426)
GestureRecognizerTS`1:Update() (at Assets/Plugins/FingerGestures/Scripts/Base/GestureRecognizer.cs:378)

12/2/2017 1:59:49 PM:log:start log
12/2/2017 1:59:49 PM:log:rextest OnDrag deltaMove 0 Y : 0
12/2/2017 1:59:49 PM:log:UnityEngine.Debug:Log(Object)
PinchTest:OnDrag(DragGesture) (at Assets/PinchTest.cs:35)
UnityEngine.GameObject:SendMessage(String, Object, SendMessageOptions)
GestureRecognizerTS`1:RaiseEvent(T) (at Assets/Plugins/FingerGestures/Scripts/Base/GestureRecognizer.cs:605)
DragRecognizer:OnRecognize(DragGesture, IFingerList) (at Assets/Plugins/FingerGestures/Scripts/Gesture Recognizers/DragRecognizer.cs:109)
GestureRecognizerTS`1:UpdateGesture(T, IFingerList) (at Assets/Plugins/FingerGestures/Scripts/Base/GestureRecognizer.cs:543)
GestureRecognizerTS`1:UpdatePerFinger() (at Assets/Plugins/FingerGestures/Scripts/Base/GestureRecognizer.cs:426)
GestureRecognizerTS`1:Update() (at Assets/Plugins/FingerGestures/Scripts/Base/GestureRecognizer.cs:378)

12/2/2017 1:59:51 PM:log:start log
12/2/2017 1:59:51 PM:log:rextest OnDrag totalMove 15 Y : 0
12/2/2017 1:59:51 PM:log:UnityEngine.Debug:Log(Object)
PinchTest:OnDrag(DragGesture) (at Assets/PinchTest.cs:36)
UnityEngine.GameObject:SendMessage(String, Object, SendMessageOptions)
GestureRecognizerTS`1:RaiseEvent(T) (at Assets/Plugins/FingerGestures/Scripts/Base/GestureRecognizer.cs:605)
DragRecognizer:OnRecognize(DragGesture, IFingerList) (at Assets/Plugins/FingerGestures/Scripts/Gesture Recognizers/DragRecognizer.cs:109)
GestureRecognizerTS`1:UpdateGesture(T, IFingerList) (at Assets/Plugins/FingerGestures/Scripts/Base/GestureRecognizer.cs:543)
GestureRecognizerTS`1:UpdatePerFinger() (at Assets/Plugins/FingerGestures/Scripts/Base/GestureRecognizer.cs:426)
GestureRecognizerTS`1:Update() (at Assets/Plugins/FingerGestures/Scripts/Base/GestureRecognizer.cs:378)

12/2/2017 1:59:52 PM:log:start log
12/2/2017 1:59:52 PM:log:rextest OnDrag totalMove 30 Y : 0
12/2/2017 1:59:52 PM:log:UnityEngine.Debug:Log(Object)
PinchTest:OnDrag(DragGesture) (at Assets/PinchTest.cs:36)
UnityEngine.GameObject:SendMessage(String, Object, SendMessageOptions)
GestureRecognizerTS`1:RaiseEvent(T) (at Assets/Plugins/FingerGestures/Scripts/Base/GestureRecognizer.cs:605)
DragRecognizer:OnRecognize(DragGesture, IFingerList) (at Assets/Plugins/FingerGestures/Scripts/Gesture Recognizers/DragRecognizer.cs:109)
GestureRecognizerTS`1:UpdateGesture(T, IFingerList) (at Assets/Plugins/FingerGestures/Scripts/Base/GestureRecognizer.cs:543)
GestureRecognizerTS`1:UpdatePerFinger() (at Assets/Plugins/FingerGestures/Scripts/Base/GestureRecognizer.cs:426)
GestureRecognizerTS`1:Update() (at Assets/Plugins/FingerGestures/Scripts/Base/GestureRecognizer.cs:378)

12/2/2017 1:59:53 PM:log:start log
12/2/2017 1:59:53 PM:log:rextest OnPinch  gap 130
12/2/2017 1:59:53 PM:log:UnityEngine.Debug:Log(Object)
PinchTest:OnPinch(PinchGesture) (at Assets/PinchTest.cs:24)
UnityEngine.GameObject:SendMessage(String, Object, SendMessageOptions)
GestureRecognizerTS`1:RaiseEvent(T) (at Assets/Plugins/FingerGestures/Scripts/Base/GestureRecognizer.cs:605)
ContinuousGestureRecognizer`1:OnStateChanged(Gesture) (at Assets/Plugins/FingerGestures/Scripts/Base/ContinuousGestureRecognizer.cs:58)
Gesture:set_State(GestureRecognitionState) (at Assets/Plugins/FingerGestures/Scripts/Base/GestureRecognizer.cs:154)
GestureRecognizerTS`1:Begin(T, Int32, IFingerList) (at Assets/Plugins/FingerGestures/Scripts/Base/GestureRecognizer.cs:517)
GestureRecognizerTS`1:UpdateExclusive() (at Assets/Plugins/FingerGestures/Scripts/Base/GestureRecognizer.cs:400)
GestureRecognizerTS`1:Update() (at Assets/Plugins/FingerGestures/Scripts/Base/GestureRecognizer.cs:385)

12/2/2017 1:59:54 PM:log:start log
12/2/2017 1:59:54 PM:log:rextest OnPinch  gap 100
12/2/2017 1:59:54 PM:log:UnityEngine.Debug:Log(Object)
PinchTest:OnPinch(PinchGesture) (at Assets/PinchTest.cs:24)
UnityEngine.GameObject:SendMessage(String, Object, SendMessageOptions)
GestureRecognizerTS`1:RaiseEvent(T) (at Assets/Plugins/FingerGestures/Scripts/Base/GestureRecognizer.cs:605)
PinchRecognizer:OnRecognize(PinchGesture, IFingerList) (at Assets/Plugins/FingerGestures/Scripts/Gesture Recognizers/PinchRecognizer.cs:154)
GestureRecognizerTS`1:UpdateGesture(T, IFingerList) (at Assets/Plugins/FingerGestures/Scripts/Base/GestureRecognizer.cs:543)
GestureRecognizerTS`1:UpdateExclusive() (at Assets/Plugins/FingerGestures/Scripts/Base/GestureRecognizer.cs:403)
GestureRecognizerTS`1:Update() (at Assets/Plugins/FingerGestures/Scripts/Base/GestureRecognizer.cs:385)

12/2/2017 1:59:54 PM:log:start log
12/2/2017 1:59:54 PM:log:rextest OnDrag totalMove 15 Y : 0
12/2/2017 1:59:54 PM:log:UnityEngine.Debug:Log(Object)
PinchTest:OnDrag(DragGesture) (at Assets/PinchTest.cs:36)
UnityEngine.GameObject:SendMessage(String, Object, SendMessageOptions)
GestureRecognizerTS`1:RaiseEvent(T) (at Assets/Plugins/FingerGestures/Scripts/Base/GestureRecognizer.cs:605)
DragRecognizer:OnRecognize(DragGesture, IFingerList) (at Assets/Plugins/FingerGestures/Scripts/Gesture Recognizers/DragRecognizer.cs:109)
GestureRecognizerTS`1:UpdateGesture(T, IFingerList) (at Assets/Plugins/FingerGestures/Scripts/Base/GestureRecognizer.cs:543)
GestureRecognizerTS`1:UpdatePerFinger() (at Assets/Plugins/FingerGestures/Scripts/Base/GestureRecognizer.cs:426)
GestureRecognizerTS`1:Update() (at Assets/Plugins/FingerGestures/Scripts/Base/GestureRecognizer.cs:378)

12/2/2017 1:59:55 PM:log:start log
12/2/2017 1:59:55 PM:log:rextest OnPinch  gap 130
12/2/2017 1:59:55 PM:log:UnityEngine.Debug:Log(Object)
PinchTest:OnPinch(PinchGesture) (at Assets/PinchTest.cs:24)
UnityEngine.GameObject:SendMessage(String, Object, SendMessageOptions)
GestureRecognizerTS`1:RaiseEvent(T) (at Assets/Plugins/FingerGestures/Scripts/Base/GestureRecognizer.cs:605)
ContinuousGestureRecognizer`1:OnStateChanged(Gesture) (at Assets/Plugins/FingerGestures/Scripts/Base/ContinuousGestureRecognizer.cs:58)
Gesture:set_State(GestureRecognitionState) (at Assets/Plugins/FingerGestures/Scripts/Base/GestureRecognizer.cs:154)
GestureRecognizerTS`1:Begin(T, Int32, IFingerList) (at Assets/Plugins/FingerGestures/Scripts/Base/GestureRecognizer.cs:517)
GestureRecognizerTS`1:UpdateExclusive() (at Assets/Plugins/FingerGestures/Scripts/Base/GestureRecognizer.cs:400)
GestureRecognizerTS`1:Update() (at Assets/Plugins/FingerGestures/Scripts/Base/GestureRecognizer.cs:385)

12/2/2017 1:59:56 PM:log:start log
12/2/2017 1:59:56 PM:log:rextest OnDrag deltaMove 0 Y : 0
12/2/2017 1:59:56 PM:log:UnityEngine.Debug:Log(Object)
PinchTest:OnDrag(DragGesture) (at Assets/PinchTest.cs:35)
UnityEngine.GameObject:SendMessage(String, Object, SendMessageOptions)
GestureRecognizerTS`1:RaiseEvent(T) (at Assets/Plugins/FingerGestures/Scripts/Base/GestureRecognizer.cs:605)
ContinuousGestureRecognizer`1:OnStateChanged(Gesture) (at Assets/Plugins/FingerGestures/Scripts/Base/ContinuousGestureRecognizer.cs:62)
Gesture:set_State(GestureRecognitionState) (at Assets/Plugins/FingerGestures/Scripts/Base/GestureRecognizer.cs:154)
GestureRecognizerTS`1:UpdateGesture(T, IFingerList) (at Assets/Plugins/FingerGestures/Scripts/Base/GestureRecognizer.cs:570)
GestureRecognizerTS`1:UpdatePerFinger() (at Assets/Plugins/FingerGestures/Scripts/Base/GestureRecognizer.cs:426)
GestureRecognizerTS`1:Update() (at Assets/Plugins/FingerGestures/Scripts/Base/GestureRecognizer.cs:378)

12/2/2017 1:59:57 PM:log:start log
12/2/2017 1:59:57 PM:log:rextest OnDrag deltaMove 10 Y : 0
12/2/2017 1:59:57 PM:log:UnityEngine.Debug:Log(Object)
PinchTest:OnDrag(DragGesture) (at Assets/PinchTest.cs:35)
UnityEngine.GameObject:SendMessage(String, Object, SendMessageOptions)
GestureRecognizerTS`1:RaiseEvent(T) (at Assets/Plugins/FingerGestures/Scripts/Base/GestureRecognizer.cs:605)
DragRecognizer:OnRecognize(DragGesture, IFingerList) (at Assets/Plugins/FingerGestures/Scripts/Gesture Recognizers/DragRecognizer.cs:109)
GestureRecognizerTS`1:UpdateGesture(T, IFingerList) (at Assets/Plugins/FingerGestures/Scripts/Base/GestureRecognizer.cs:543)
GestureRecognizerTS`1:UpdatePerFinger() (at Assets/Plugins/FingerGestures/Scripts/Base/GestureRecognizer.cs:426)
GestureRecognizerTS`1:Update() (at Assets/Plugins/FingerGestures/Scripts/Base/GestureRecognizer.cs:378)

12/2/2017 1:59:58 PM:log:start log
12/2/2017 1:59:58 PM:log:rextest OnPinch  gap 130
12/2/2017 1:59:58 PM:log:UnityEngine.Debug:Log(Object)
PinchTest:OnPinch(PinchGesture) (at Assets/PinchTest.cs:24)
UnityEngine.GameObject:SendMessage(String, Object, SendMessageOptions)
GestureRecognizerTS`1:RaiseEvent(T) (at Assets/Plugins/FingerGestures/Scripts/Base/GestureRecognizer.cs:605)
ContinuousGestureRecognizer`1:OnStateChanged(Gesture) (at Assets/Plugins/FingerGestures/Scripts/Base/ContinuousGestureRecognizer.cs:58)
Gesture:set_State(GestureRecognitionState) (at Assets/Plugins/FingerGestures/Scripts/Base/GestureRecognizer.cs:154)
GestureRecognizerTS`1:Begin(T, Int32, IFingerList) (at Assets/Plugins/FingerGestures/Scripts/Base/GestureRecognizer.cs:517)
GestureRecognizerTS`1:UpdateExclusive() (at Assets/Plugins/FingerGestures/Scripts/Base/GestureRecognizer.cs:400)
GestureRecognizerTS`1:Update() (at Assets/Plugins/FingerGestures/Scripts/Base/GestureRecognizer.cs:385)

12/2/2017 1:59:59 PM:log:start log
12/2/2017 1:59:59 PM:log:rextest OnDrag deltaMove 0 Y : 0
12/2/2017 1:59:59 PM:log:UnityEngine.Debug:Log(Object)
PinchTest:OnDrag(DragGesture) (at Assets/PinchTest.cs:35)
UnityEngine.GameObject:SendMessage(String, Object, SendMessageOptions)
GestureRecognizerTS`1:RaiseEvent(T) (at Assets/Plugins/FingerGestures/Scripts/Base/GestureRecognizer.cs:605)
DragRecognizer:OnRecognize(DragGesture, IFingerList) (at Assets/Plugins/FingerGestures/Scripts/Gesture Recognizers/DragRecognizer.cs:109)
GestureRecognizerTS`1:UpdateGesture(T, IFingerList) (at Assets/Plugins/FingerGestures/Scripts/Base/GestureRecognizer.cs:543)
GestureRecognizerTS`1:UpdatePerFinger() (at Assets/Plugins/FingerGestures/Scripts/Base/GestureRecognizer.cs:426)
GestureRecognizerTS`1:Update() (at Assets/Plugins/FingerGestures/Scripts/Base/GestureRecognizer.cs:378)

