12/6/2017 4:42:54 PM:log:start log
12/6/2017 4:42:54 PM:log:On_Drag deltaPosition :0
12/6/2017 4:42:54 PM:log:UnityEngine.Debug:Log(Object)
test:On_Drag(Gesture) (at Assets/Scripts/test.cs:63)
HedgehogTeam.EasyTouch.EasyTouch:RaiseEvent(EvtType, Gesture) (at Assets/EasyTouchBundle/EasyTouch/Plugins/Engine/EasyTouch.cs:1441)
HedgehogTeam.EasyTouch.EasyTouch:CreateGesture(Int32, EvtType, Finger, SwipeDirection, Single, Vector2) (at Assets/EasyTouchBundle/EasyTouch/Plugins/Engine/EasyTouch.cs:861)
HedgehogTeam.EasyTouch.EasyTouch:OneFinger(Int32) (at Assets/EasyTouchBundle/EasyTouch/Plugins/Engine/EasyTouch.cs:725)
HedgehogTeam.EasyTouch.EasyTouch:Update() (at Assets/EasyTouchBundle/EasyTouch/Plugins/Engine/EasyTouch.cs:519)

12/6/2017 4:42:54 PM:log:start log
12/6/2017 4:42:54 PM:log:On_Drag deltaPosition :-15
12/6/2017 4:42:54 PM:log:UnityEngine.Debug:Log(Object)
test:On_Drag(Gesture) (at Assets/Scripts/test.cs:63)
HedgehogTeam.EasyTouch.EasyTouch:RaiseEvent(EvtType, Gesture) (at Assets/EasyTouchBundle/EasyTouch/Plugins/Engine/EasyTouch.cs:1441)
HedgehogTeam.EasyTouch.EasyTouch:CreateGesture(Int32, EvtType, Finger, SwipeDirection, Single, Vector2) (at Assets/EasyTouchBundle/EasyTouch/Plugins/Engine/EasyTouch.cs:861)
HedgehogTeam.EasyTouch.EasyTouch:OneFinger(Int32) (at Assets/EasyTouchBundle/EasyTouch/Plugins/Engine/EasyTouch.cs:725)
HedgehogTeam.EasyTouch.EasyTouch:Update() (at Assets/EasyTouchBundle/EasyTouch/Plugins/Engine/EasyTouch.cs:519)

12/6/2017 4:42:54 PM:log:start log
12/6/2017 4:42:54 PM:log:On_Drag deltaPosition :0
12/6/2017 4:42:54 PM:log:UnityEngine.Debug:Log(Object)
test:On_Drag(Gesture) (at Assets/Scripts/test.cs:63)
HedgehogTeam.EasyTouch.EasyTouch:RaiseEvent(EvtType, Gesture) (at Assets/EasyTouchBundle/EasyTouch/Plugins/Engine/EasyTouch.cs:1441)
HedgehogTeam.EasyTouch.EasyTouch:CreateGesture(Int32, EvtType, Finger, SwipeDirection, Single, Vector2) (at Assets/EasyTouchBundle/EasyTouch/Plugins/Engine/EasyTouch.cs:861)
HedgehogTeam.EasyTouch.EasyTouch:OneFinger(Int32) (at Assets/EasyTouchBundle/EasyTouch/Plugins/Engine/EasyTouch.cs:725)
HedgehogTeam.EasyTouch.EasyTouch:Update() (at Assets/EasyTouchBundle/EasyTouch/Plugins/Engine/EasyTouch.cs:519)

