11/20/2017 11:52:47 AM:log:start log
11/20/2017 11:52:47 AM:log:You are trying to create a MonoBehaviour using the 'new' keyword.  This is not allowed.  MonoBehaviours can only be added using AddComponent().  Alternatively, your script can inherit from ScriptableObject or no base class at all
11/20/2017 11:52:47 AM:log:UnityEngine.MonoBehaviour:.ctor()
phone:.ctor()
applephone:.ctor()
main:Start() (at Assets/Scripts/main.cs:114)

11/20/2017 11:53:24 AM:log:start log
11/20/2017 11:53:24 AM:log:You are trying to create a MonoBehaviour using the 'new' keyword.  This is not allowed.  MonoBehaviours can only be added using AddComponent().  Alternatively, your script can inherit from ScriptableObject or no base class at all
11/20/2017 11:53:24 AM:log:UnityEngine.MonoBehaviour:.ctor()
phone:.ctor()
applephone:.ctor()
main:Start() (at Assets/Scripts/main.cs:114)

11/20/2017 11:53:48 AM:log:start log
11/20/2017 11:53:48 AM:log:You are trying to create a MonoBehaviour using the 'new' keyword.  This is not allowed.  MonoBehaviours can only be added using AddComponent().  Alternatively, your script can inherit from ScriptableObject or no base class at all
11/20/2017 11:53:48 AM:log:UnityEngine.MonoBehaviour:.ctor()
phone:.ctor()
applephone:.ctor()
main:Start() (at Assets/Scripts/main.cs:114)

11/20/2017 11:54:26 AM:log:start log
11/20/2017 11:54:26 AM:log:You are trying to create a MonoBehaviour using the 'new' keyword.  This is not allowed.  MonoBehaviours can only be added using AddComponent().  Alternatively, your script can inherit from ScriptableObject or no base class at all
11/20/2017 11:54:26 AM:log:UnityEngine.MonoBehaviour:.ctor()
phone:.ctor()
applephone:.ctor()
main:Start() (at Assets/Scripts/main.cs:114)

11/20/2017 1:34:43 PM:log:start log
11/20/2017 1:34:43 PM:log:You are trying to create a MonoBehaviour using the 'new' keyword.  This is not allowed.  MonoBehaviours can only be added using AddComponent().  Alternatively, your script can inherit from ScriptableObject or no base class at all
11/20/2017 1:34:43 PM:log:UnityEngine.MonoBehaviour:.ctor()
phone:.ctor()
applephone:.ctor()
main:Start() (at Assets/Scripts/main.cs:114)

11/20/2017 7:42:45 PM:log:start log
11/20/2017 7:42:45 PM:log:You are trying to create a MonoBehaviour using the 'new' keyword.  This is not allowed.  MonoBehaviours can only be added using AddComponent().  Alternatively, your script can inherit from ScriptableObject or no base class at all
11/20/2017 7:42:45 PM:log:UnityEngine.MonoBehaviour:.ctor()
phone:.ctor()
applephone:.ctor()
main:Start() (at Assets/Scripts/main.cs:114)

11/20/2017 7:42:54 PM:log:start log
11/20/2017 7:42:54 PM:log:Unable to open archive file: E:/git_workshop/rex_study/design/Assets/StreamingAssets/Android/Android
11/20/2017 7:42:54 PM:log:UnityEngine.AssetBundle:LoadFromFile(String)
TestLoadNewAB:OnGUI() (at Assets/Scripts/Test/TestLoadNewAB.cs:14)

11/20/2017 7:44:27 PM:log:start log
11/20/2017 7:44:27 PM:log:You are trying to create a MonoBehaviour using the 'new' keyword.  This is not allowed.  MonoBehaviours can only be added using AddComponent().  Alternatively, your script can inherit from ScriptableObject or no base class at all
11/20/2017 7:44:27 PM:log:UnityEngine.MonoBehaviour:.ctor()
phone:.ctor()
applephone:.ctor()
main:Start() (at Assets/Scripts/main.cs:114)

11/20/2017 7:45:23 PM:log:start log
11/20/2017 7:45:23 PM:log:You are trying to create a MonoBehaviour using the 'new' keyword.  This is not allowed.  MonoBehaviours can only be added using AddComponent().  Alternatively, your script can inherit from ScriptableObject or no base class at all
11/20/2017 7:45:23 PM:log:UnityEngine.MonoBehaviour:.ctor()
phone:.ctor()
applephone:.ctor()
main:Start() (at Assets/Scripts/main.cs:114)

11/20/2017 7:47:08 PM:log:start log
11/20/2017 7:47:08 PM:log:You are trying to create a MonoBehaviour using the 'new' keyword.  This is not allowed.  MonoBehaviours can only be added using AddComponent().  Alternatively, your script can inherit from ScriptableObject or no base class at all
11/20/2017 7:47:08 PM:log:UnityEngine.MonoBehaviour:.ctor()
phone:.ctor()
applephone:.ctor()
main:Start() (at Assets/Scripts/main.cs:114)

11/20/2017 7:48:17 PM:log:start log
11/20/2017 7:48:17 PM:log:You are trying to create a MonoBehaviour using the 'new' keyword.  This is not allowed.  MonoBehaviours can only be added using AddComponent().  Alternatively, your script can inherit from ScriptableObject or no base class at all
11/20/2017 7:48:17 PM:log:UnityEngine.MonoBehaviour:.ctor()
phone:.ctor()
applephone:.ctor()
main:Start() (at Assets/Scripts/main.cs:114)

