12/1/2017 10:35:29 AM:log:start log
12/1/2017 10:35:29 AM:log:rextest OnDrag deltaMove 0 Y : 0
12/1/2017 10:35:29 AM:log:UnityEngine.Debug:Log(Object)
PinchTest:OnDrag(DragGesture) (at Assets/PinchTest.cs:35)
UnityEngine.GameObject:SendMessage(String, Object, SendMessageOptions)
GestureRecognizerTS`1:RaiseEvent(T) (at Assets/Plugins/FingerGestures/Scripts/Base/GestureRecognizer.cs:605)
DragRecognizer:OnRecognize(DragGesture, IFingerList) (at Assets/Plugins/FingerGestures/Scripts/Gesture Recognizers/DragRecognizer.cs:109)
GestureRecognizerTS`1:UpdateGesture(T, IFingerList) (at Assets/Plugins/FingerGestures/Scripts/Base/GestureRecognizer.cs:543)
GestureRecognizerTS`1:UpdatePerFinger() (at Assets/Plugins/FingerGestures/Scripts/Base/GestureRecognizer.cs:426)
GestureRecognizerTS`1:Update() (at Assets/Plugins/FingerGestures/Scripts/Base/GestureRecognizer.cs:378)

12/1/2017 10:35:29 AM:log:start log
12/1/2017 10:35:29 AM:log:rextest OnDrag totalMove 20 Y : 0
12/1/2017 10:35:29 AM:log:UnityEngine.Debug:Log(Object)
PinchTest:OnDrag(DragGesture) (at Assets/PinchTest.cs:36)
UnityEngine.GameObject:SendMessage(String, Object, SendMessageOptions)
GestureRecognizerTS`1:RaiseEvent(T) (at Assets/Plugins/FingerGestures/Scripts/Base/GestureRecognizer.cs:605)
DragRecognizer:OnRecognize(DragGesture, IFingerList) (at Assets/Plugins/FingerGestures/Scripts/Gesture Recognizers/DragRecognizer.cs:109)
GestureRecognizerTS`1:UpdateGesture(T, IFingerList) (at Assets/Plugins/FingerGestures/Scripts/Base/GestureRecognizer.cs:543)
GestureRecognizerTS`1:UpdatePerFinger() (at Assets/Plugins/FingerGestures/Scripts/Base/GestureRecognizer.cs:426)
GestureRecognizerTS`1:Update() (at Assets/Plugins/FingerGestures/Scripts/Base/GestureRecognizer.cs:378)

12/1/2017 10:35:29 AM:log:start log
12/1/2017 10:35:29 AM:log:rextest OnPinch  gap 110
12/1/2017 10:35:29 AM:log:UnityEngine.Debug:Log(Object)
PinchTest:OnPinch(PinchGesture) (at Assets/PinchTest.cs:24)
UnityEngine.GameObject:SendMessage(String, Object, SendMessageOptions)
GestureRecognizerTS`1:RaiseEvent(T) (at Assets/Plugins/FingerGestures/Scripts/Base/GestureRecognizer.cs:605)
ContinuousGestureRecognizer`1:OnStateChanged(Gesture) (at Assets/Plugins/FingerGestures/Scripts/Base/ContinuousGestureRecognizer.cs:62)
Gesture:set_State(GestureRecognitionState) (at Assets/Plugins/FingerGestures/Scripts/Base/GestureRecognizer.cs:154)
GestureRecognizerTS`1:UpdateGesture(T, IFingerList) (at Assets/Plugins/FingerGestures/Scripts/Base/GestureRecognizer.cs:570)
GestureRecognizerTS`1:UpdateExclusive() (at Assets/Plugins/FingerGestures/Scripts/Base/GestureRecognizer.cs:403)
GestureRecognizerTS`1:Update() (at Assets/Plugins/FingerGestures/Scripts/Base/GestureRecognizer.cs:385)

