2/11/2018 11:38:59 AM:log:start log
2/11/2018 11:38:59 AM:log:序号
2/11/2018 11:38:59 AM:log:UnityEngine.Debug:Log(Object)
SheetOpt:ReadOneExcel(String) (at Assets/Scripts/Sheet/SheetOpt.cs:46)
SheetOpt:Start() (at Assets/Scripts/Sheet/SheetOpt.cs:13)

2/11/2018 11:39:00 AM:log:start log
2/11/2018 11:39:00 AM:log:
2/11/2018 11:39:00 AM:log:UnityEngine.Debug:Log(Object)
SheetOpt:ReadOneExcel(String) (at Assets/Scripts/Sheet/SheetOpt.cs:46)
SheetOpt:Start() (at Assets/Scripts/Sheet/SheetOpt.cs:13)

2/11/2018 11:39:00 AM:log:start log
2/11/2018 11:39:00 AM:log:
2/11/2018 11:39:00 AM:log:UnityEngine.Debug:Log(Object)
SheetOpt:ReadOneExcel(String) (at Assets/Scripts/Sheet/SheetOpt.cs:46)
SheetOpt:Start() (at Assets/Scripts/Sheet/SheetOpt.cs:13)

2/11/2018 11:39:00 AM:log:start log
2/11/2018 11:39:00 AM:log:
2/11/2018 11:39:00 AM:log:UnityEngine.Debug:Log(Object)
SheetOpt:ReadOneExcel(String) (at Assets/Scripts/Sheet/SheetOpt.cs:46)
SheetOpt:Start() (at Assets/Scripts/Sheet/SheetOpt.cs:13)

2/11/2018 11:39:53 AM:log:start log
2/11/2018 11:39:53 AM:log:序号
2/11/2018 11:39:53 AM:log:UnityEngine.Debug:Log(Object)
SheetOpt:ReadOneExcel(String) (at Assets/Scripts/Sheet/SheetOpt.cs:46)
SheetOpt:Start() (at Assets/Scripts/Sheet/SheetOpt.cs:13)

2/11/2018 11:39:53 AM:log:start log
2/11/2018 11:39:53 AM:log:
2/11/2018 11:39:53 AM:log:UnityEngine.Debug:Log(Object)
SheetOpt:ReadOneExcel(String) (at Assets/Scripts/Sheet/SheetOpt.cs:46)
SheetOpt:Start() (at Assets/Scripts/Sheet/SheetOpt.cs:13)

2/11/2018 11:39:54 AM:log:start log
2/11/2018 11:39:54 AM:log:
2/11/2018 11:39:54 AM:log:UnityEngine.Debug:Log(Object)
SheetOpt:ReadOneExcel(String) (at Assets/Scripts/Sheet/SheetOpt.cs:46)
SheetOpt:Start() (at Assets/Scripts/Sheet/SheetOpt.cs:13)

2/11/2018 11:39:54 AM:log:start log
2/11/2018 11:39:54 AM:log:
2/11/2018 11:39:54 AM:log:UnityEngine.Debug:Log(Object)
SheetOpt:ReadOneExcel(String) (at Assets/Scripts/Sheet/SheetOpt.cs:46)
SheetOpt:Start() (at Assets/Scripts/Sheet/SheetOpt.cs:13)

