2/11/2018 1:24:09 PM:log:start log
2/11/2018 1:24:09 PM:log:序号
2/11/2018 1:24:09 PM:log:部门
2/11/2018 1:24:09 PM:log:中文名
2/11/2018 1:24:09 PM:log:英文名
2/11/2018 1:24:09 PM:log:职级
2/11/2018 1:24:09 PM:log:电话
2/11/2018 1:24:09 PM:log:邮箱
2/11/2018 1:24:09 PM:log:地址
2/11/2018 1:24:09 PM:log:数量
2/11/2018 1:24:09 PM:log:二维码
2/11/2018 1:24:09 PM:log:
2/11/2018 1:24:09 PM:log:
2/11/2018 1:24:09 PM:log:
2/11/2018 1:24:09 PM:log:1
2/11/2018 1:24:09 PM:log:研发中心
2/11/2018 1:24:09 PM:log:赵金宇
2/11/2018 1:24:09 PM:log:rex
2/11/2018 1:24:09 PM:log:高级开发工程师
2/11/2018 1:24:09 PM:log:15910934559
2/11/2018 1:24:09 PM:log:jinyu.zhao@369qipai.cn
2/11/2018 1:24:09 PM:log:
2/11/2018 1:24:09 PM:log:
2/11/2018 1:24:09 PM:log:
2/11/2018 1:24:09 PM:log:
2/11/2018 1:24:09 PM:log:
2/11/2018 1:24:09 PM:log:
2/11/2018 1:24:09 PM:log:2
2/11/2018 1:24:09 PM:log:
2/11/2018 1:24:09 PM:log:
2/11/2018 1:24:09 PM:log:
2/11/2018 1:24:09 PM:log:
2/11/2018 1:24:09 PM:log:
2/11/2018 1:24:09 PM:log:
2/11/2018 1:24:09 PM:log:
2/11/2018 1:24:09 PM:log:
2/11/2018 1:24:09 PM:log:
2/11/2018 1:24:09 PM:log:
2/11/2018 1:24:09 PM:log:
2/11/2018 1:24:09 PM:log:
2/11/2018 1:24:09 PM:log:3
2/11/2018 1:24:09 PM:log:
2/11/2018 1:24:09 PM:log:
2/11/2018 1:24:09 PM:log:
2/11/2018 1:24:09 PM:log:
2/11/2018 1:24:09 PM:log:
2/11/2018 1:24:09 PM:log:
2/11/2018 1:24:09 PM:log:
2/11/2018 1:24:09 PM:log:
2/11/2018 1:24:09 PM:log:
2/11/2018 1:24:09 PM:log:
2/11/2018 1:24:09 PM:log:
2/11/2018 1:24:09 PM:log:
2/11/2018 1:24:09 PM:log:4
2/11/2018 1:24:09 PM:log:
2/11/2018 1:24:09 PM:log:
2/11/2018 1:24:09 PM:log:
2/11/2018 1:24:09 PM:log:
2/11/2018 1:24:09 PM:log:
2/11/2018 1:24:09 PM:log:
2/11/2018 1:24:09 PM:log:
2/11/2018 1:24:09 PM:log:
2/11/2018 1:24:09 PM:log:
2/11/2018 1:24:09 PM:log:
2/11/2018 1:24:09 PM:log:
2/11/2018 1:24:09 PM:log:
2/11/2018 1:24:09 PM:log:5
2/11/2018 1:24:09 PM:log:
2/11/2018 1:24:09 PM:log:
2/11/2018 1:24:09 PM:log:
2/11/2018 1:24:09 PM:log:
2/11/2018 1:24:09 PM:log:
2/11/2018 1:24:09 PM:log:
2/11/2018 1:24:09 PM:log:
2/11/2018 1:24:09 PM:log:
2/11/2018 1:24:09 PM:log:
2/11/2018 1:24:09 PM:log:
2/11/2018 1:24:09 PM:log:
2/11/2018 1:24:09 PM:log:
2/11/2018 1:24:09 PM:log:6
2/11/2018 1:24:09 PM:log:
2/11/2018 1:24:09 PM:log:
2/11/2018 1:24:09 PM:log:
2/11/2018 1:24:09 PM:log:
2/11/2018 1:24:09 PM:log:
2/11/2018 1:24:09 PM:log:
2/11/2018 1:24:09 PM:log:
2/11/2018 1:24:09 PM:log:
2/11/2018 1:24:09 PM:log:
2/11/2018 1:24:09 PM:log:
2/11/2018 1:24:09 PM:log:
2/11/2018 1:24:09 PM:log:
2/11/2018 1:24:09 PM:log:7
2/11/2018 1:24:09 PM:log:
2/11/2018 1:24:09 PM:log:
2/11/2018 1:24:09 PM:log:
2/11/2018 1:24:09 PM:log:
2/11/2018 1:24:09 PM:log:
2/11/2018 1:24:09 PM:log:
2/11/2018 1:24:09 PM:log:
2/11/2018 1:24:09 PM:log:
2/11/2018 1:24:09 PM:log:
2/11/2018 1:24:09 PM:log:
2/11/2018 1:24:09 PM:log:
2/11/2018 1:24:09 PM:log:
2/11/2018 1:24:09 PM:log:8
2/11/2018 1:24:09 PM:log:
2/11/2018 1:24:09 PM:log:
2/11/2018 1:24:09 PM:log:
2/11/2018 1:24:09 PM:log:
2/11/2018 1:24:09 PM:log:
2/11/2018 1:24:09 PM:log:
2/11/2018 1:24:09 PM:log:
2/11/2018 1:24:09 PM:log:
2/11/2018 1:24:09 PM:log:
2/11/2018 1:24:09 PM:log:
2/11/2018 1:24:09 PM:log:
2/11/2018 1:24:09 PM:log:
2/11/2018 1:24:09 PM:log:9
2/11/2018 1:24:09 PM:log:
2/11/2018 1:24:09 PM:log:
2/11/2018 1:24:09 PM:log:
2/11/2018 1:24:09 PM:log:
2/11/2018 1:24:09 PM:log:
2/11/2018 1:24:09 PM:log:
2/11/2018 1:24:09 PM:log:
2/11/2018 1:24:09 PM:log:
2/11/2018 1:24:09 PM:log:
2/11/2018 1:24:09 PM:log:
2/11/2018 1:24:09 PM:log:
2/11/2018 1:24:09 PM:log:
2/11/2018 1:24:09 PM:log:10
2/11/2018 1:24:09 PM:log:
2/11/2018 1:24:09 PM:log:
2/11/2018 1:24:09 PM:log:
2/11/2018 1:24:09 PM:log:
2/11/2018 1:24:09 PM:log:
2/11/2018 1:24:09 PM:log:
2/11/2018 1:24:09 PM:log:
2/11/2018 1:24:09 PM:log:
2/11/2018 1:24:09 PM:log:
2/11/2018 1:24:09 PM:log:
2/11/2018 1:24:09 PM:log:
2/11/2018 1:24:09 PM:log:
2/11/2018 1:24:09 PM:log:11
2/11/2018 1:24:09 PM:log:
2/11/2018 1:24:09 PM:log:
2/11/2018 1:24:09 PM:log:
2/11/2018 1:24:09 PM:log:
2/11/2018 1:24:09 PM:log:
2/11/2018 1:24:09 PM:log:
2/11/2018 1:24:09 PM:log:
2/11/2018 1:24:09 PM:log:
2/11/2018 1:24:09 PM:log:
2/11/2018 1:24:09 PM:log:
2/11/2018 1:24:09 PM:log:
2/11/2018 1:24:09 PM:log:
2/11/2018 1:24:09 PM:log:12
2/11/2018 1:24:09 PM:log:
2/11/2018 1:24:09 PM:log:
2/11/2018 1:24:09 PM:log:
2/11/2018 1:24:09 PM:log:
2/11/2018 1:24:09 PM:log:
2/11/2018 1:24:09 PM:log:
2/11/2018 1:24:09 PM:log:
2/11/2018 1:24:09 PM:log:
2/11/2018 1:24:09 PM:log:
2/11/2018 1:24:09 PM:log:
2/11/2018 1:24:09 PM:log:
2/11/2018 1:24:09 PM:log:
2/11/2018 1:24:09 PM:log:13
2/11/2018 1:24:09 PM:log:
2/11/2018 1:24:09 PM:log:
2/11/2018 1:24:09 PM:log:
2/11/2018 1:24:09 PM:log:
2/11/2018 1:24:09 PM:log:
2/11/2018 1:24:09 PM:log:
2/11/2018 1:24:09 PM:log:
2/11/2018 1:24:09 PM:log:
2/11/2018 1:24:09 PM:log:
2/11/2018 1:24:09 PM:log:
2/11/2018 1:24:09 PM:log:
2/11/2018 1:24:09 PM:log:
2/11/2018 1:24:09 PM:log:14
2/11/2018 1:24:09 PM:log:
2/11/2018 1:24:09 PM:log:
2/11/2018 1:24:09 PM:log:
2/11/2018 1:24:09 PM:log:
2/11/2018 1:24:09 PM:log:
2/11/2018 1:24:09 PM:log:
2/11/2018 1:24:09 PM:log:
2/11/2018 1:24:09 PM:log:
2/11/2018 1:24:09 PM:log:
2/11/2018 1:24:09 PM:log:
2/11/2018 1:24:09 PM:log:
2/11/2018 1:24:09 PM:log:
2/11/2018 1:24:09 PM:log:15
2/11/2018 1:24:09 PM:log:
2/11/2018 1:24:09 PM:log:
2/11/2018 1:24:09 PM:log:
2/11/2018 1:24:09 PM:log:
2/11/2018 1:24:09 PM:log:
2/11/2018 1:24:09 PM:log:
2/11/2018 1:24:09 PM:log:
2/11/2018 1:24:09 PM:log:
2/11/2018 1:24:09 PM:log:
2/11/2018 1:24:09 PM:log:
2/11/2018 1:24:09 PM:log:
2/11/2018 1:24:09 PM:log:
2/11/2018 1:24:09 PM:log:16
2/11/2018 1:24:09 PM:log:
2/11/2018 1:24:09 PM:log:
2/11/2018 1:24:09 PM:log:
2/11/2018 1:24:09 PM:log:
2/11/2018 1:24:09 PM:log:
2/11/2018 1:24:09 PM:log:
2/11/2018 1:24:09 PM:log:
2/11/2018 1:24:09 PM:log:
2/11/2018 1:24:09 PM:log:
2/11/2018 1:24:09 PM:log:
2/11/2018 1:24:09 PM:log:
2/11/2018 1:24:09 PM:log:
2/11/2018 1:24:09 PM:log:17
2/11/2018 1:24:09 PM:log:
2/11/2018 1:24:09 PM:log:
2/11/2018 1:24:09 PM:log:
2/11/2018 1:24:09 PM:log:
2/11/2018 1:24:09 PM:log:
2/11/2018 1:24:09 PM:log:
2/11/2018 1:24:09 PM:log:
2/11/2018 1:24:09 PM:log:
2/11/2018 1:24:09 PM:log:
2/11/2018 1:24:09 PM:log:
2/11/2018 1:24:09 PM:log:
2/11/2018 1:24:09 PM:log:
2/11/2018 1:24:09 PM:log:18
2/11/2018 1:24:09 PM:log:
2/11/2018 1:24:09 PM:log:
2/11/2018 1:24:09 PM:log:
2/11/2018 1:24:09 PM:log:
2/11/2018 1:24:09 PM:log:
2/11/2018 1:24:09 PM:log:
2/11/2018 1:24:09 PM:log:
2/11/2018 1:24:09 PM:log:
2/11/2018 1:24:09 PM:log:
2/11/2018 1:24:09 PM:log:
2/11/2018 1:24:09 PM:log:
2/11/2018 1:24:09 PM:log:
2/11/2018 1:24:09 PM:log:19
2/11/2018 1:24:09 PM:log:
2/11/2018 1:24:09 PM:log:
2/11/2018 1:24:09 PM:log:
2/11/2018 1:24:09 PM:log:
2/11/2018 1:24:09 PM:log:
2/11/2018 1:24:09 PM:log:
2/11/2018 1:24:09 PM:log:
2/11/2018 1:24:09 PM:log:
2/11/2018 1:24:09 PM:log:
2/11/2018 1:24:09 PM:log:
2/11/2018 1:24:09 PM:log:
2/11/2018 1:24:09 PM:log:
2/11/2018 1:24:09 PM:log:20
2/11/2018 1:24:09 PM:log:
2/11/2018 1:24:09 PM:log:
2/11/2018 1:24:09 PM:log:
2/11/2018 1:24:09 PM:log:
2/11/2018 1:24:09 PM:log:
2/11/2018 1:24:09 PM:log:
2/11/2018 1:24:09 PM:log:
2/11/2018 1:24:09 PM:log:
2/11/2018 1:24:09 PM:log:
2/11/2018 1:24:09 PM:log:
2/11/2018 1:24:09 PM:log:
2/11/2018 1:24:09 PM:log:
2/11/2018 1:24:09 PM:log:21
2/11/2018 1:24:09 PM:log:
2/11/2018 1:24:09 PM:log:
2/11/2018 1:24:09 PM:log:
2/11/2018 1:24:09 PM:log:
2/11/2018 1:24:09 PM:log:
2/11/2018 1:24:09 PM:log:
2/11/2018 1:24:09 PM:log:
2/11/2018 1:24:09 PM:log:
2/11/2018 1:24:09 PM:log:
2/11/2018 1:24:09 PM:log:
2/11/2018 1:24:09 PM:log:
2/11/2018 1:24:09 PM:log:
2/11/2018 1:24:09 PM:log:22
2/11/2018 1:24:09 PM:log:
2/11/2018 1:24:09 PM:log:
2/11/2018 1:24:09 PM:log:
2/11/2018 1:24:09 PM:log:
2/11/2018 1:24:09 PM:log:
2/11/2018 1:24:09 PM:log:
2/11/2018 1:24:09 PM:log:
2/11/2018 1:24:09 PM:log:
2/11/2018 1:24:09 PM:log:
2/11/2018 1:24:09 PM:log:
2/11/2018 1:24:09 PM:log:
2/11/2018 1:24:09 PM:log:
